app/build/intermediates/manifest_merge_blame_file/debug/processDebugMainManifest/manifest-merger-blame-debug-report.txt
1<?xml version="1.0" encoding="utf-8"?>
2<manifest xmlns:android="http://schemas.android.com/apk/res/android"
3    package="com.example.iluma"
4    android:versionCode="1"
5    android:versionName="1.0" >
6
7    <uses-sdk
8        android:minSdkVersion="21"
9        android:targetSdkVersion="35" />
10
11    <!-- OpenGL ES 2.0 -->
12    <uses-feature android:glEsVersion="0x00020000" />
12-->src\main\AndroidManifest.xml:6:5-54
12-->src\main\AndroidManifest.xml:6:19-51
13
14    <!-- Touchscreen support -->
15    <uses-feature
15-->src\main\AndroidManifest.xml:9:5-11:36
16        android:name="android.hardware.touchscreen"
16-->src\main\AndroidManifest.xml:10:9-52
17        android:required="false" />
17-->src\main\AndroidManifest.xml:11:9-33
18
19    <!-- Game controller support -->
20    <uses-feature
20-->src\main\AndroidManifest.xml:14:5-16:36
21        android:name="android.hardware.bluetooth"
21-->src\main\AndroidManifest.xml:15:9-50
22        android:required="false" />
22-->src\main\AndroidManifest.xml:16:9-33
23    <uses-feature
23-->src\main\AndroidManifest.xml:17:5-19:36
24        android:name="android.hardware.gamepad"
24-->src\main\AndroidManifest.xml:18:9-48
25        android:required="false" />
25-->src\main\AndroidManifest.xml:19:9-33
26    <uses-feature
26-->src\main\AndroidManifest.xml:20:5-22:36
27        android:name="android.hardware.usb.host"
27-->src\main\AndroidManifest.xml:21:9-49
28        android:required="false" />
28-->src\main\AndroidManifest.xml:22:9-33
29
30    <!-- External mouse input events -->
31    <uses-feature
31-->src\main\AndroidManifest.xml:25:5-27:36
32        android:name="android.hardware.type.pc"
32-->src\main\AndroidManifest.xml:26:9-48
33        android:required="false" />
33-->src\main\AndroidManifest.xml:27:9-33
34
35    <!-- Allow access to the vibrator -->
36    <uses-permission android:name="android.permission.VIBRATE" />
36-->src\main\AndroidManifest.xml:30:5-66
36-->src\main\AndroidManifest.xml:30:22-63
37
38    <application
38-->src\main\AndroidManifest.xml:32:5-55:19
39        android:allowBackup="true"
39-->src\main\AndroidManifest.xml:33:9-35
40        android:debuggable="true"
41        android:extractNativeLibs="true"
42        android:hardwareAccelerated="true"
42-->src\main\AndroidManifest.xml:38:9-43
43        android:icon="@android:drawable/sym_def_app_icon"
43-->src\main\AndroidManifest.xml:34:9-58
44        android:label="@string/app_name"
44-->src\main\AndroidManifest.xml:35:9-41
45        android:roundIcon="@android:drawable/sym_def_app_icon"
45-->src\main\AndroidManifest.xml:36:9-63
46        android:supportsRtl="true" >
46-->src\main\AndroidManifest.xml:37:9-35
47        <activity
47-->src\main\AndroidManifest.xml:40:9-54:20
48            android:name="com.example.iluma.MainActivity"
48-->src\main\AndroidManifest.xml:41:13-58
49            android:configChanges="layoutDirection|locale|orientation|uiMode|screenLayout|screenSize|smallestScreenSize|keyboard|keyboardHidden|navigation"
49-->src\main\AndroidManifest.xml:44:13-156
50            android:exported="true"
50-->src\main\AndroidManifest.xml:42:13-36
51            android:label="@string/app_name"
51-->src\main\AndroidManifest.xml:43:13-45
52            android:preferMinimalPostProcessing="true" >
52-->src\main\AndroidManifest.xml:45:13-55
53            <intent-filter>
53-->src\main\AndroidManifest.xml:46:13-50:29
54                <action android:name="android.intent.action.MAIN" />
54-->src\main\AndroidManifest.xml:47:17-69
54-->src\main\AndroidManifest.xml:47:25-66
55
56                <category android:name="android.intent.category.LAUNCHER" />
56-->src\main\AndroidManifest.xml:49:17-77
56-->src\main\AndroidManifest.xml:49:27-74
57            </intent-filter>
58            <intent-filter>
58-->src\main\AndroidManifest.xml:51:13-53:29
59                <action android:name="android.hardware.usb.action.USB_DEVICE_ATTACHED" />
59-->src\main\AndroidManifest.xml:52:17-90
59-->src\main\AndroidManifest.xml:52:25-87
60            </intent-filter>
61        </activity>
62    </application>
63
64</manifest>